#
# A fatal error has been detected by the Java Runtime Environment:
#
#  EXCEPTION_ILLEGAL_INSTRUCTION (0xc000001d) at pc=0x00000000758fb62f, pid=2080, tid=2640
#
# JRE version: Java(TM) SE Runtime Environment (8.0_65-b17) (build 1.8.0_65-b17)
# Java VM: Java HotSpot(TM) 64-Bit Server VM (25.65-b01 mixed mode windows-amd64 compressed oops)
# Problematic frame:
# V  [jvm.dll+0xeb62f]
#
# Failed to write core dump. Minidumps are not enabled by default on client versions of Windows
#
# If you would like to submit a bug report, please visit:
#   http://bugreport.java.com/bugreport/crash.jsp
#

---------------  T H R E A D  ---------------

Current thread (0x000000001a0b0800):  JavaThread "Daemon worker Thread 13" [_thread_in_vm, id=2640, stack(0x0000000019470000,0x0000000019570000)]

siginfo: ExceptionCode=0xc000001d

Registers:
RAX=0x0000000000000011, RBX=0x0000000000000000, RCX=0x0000000000000011, RDX=0x0000000000000011
RSP=0x000000001956a848, RBP=0x00000000000007ff, RSI=0x00000000f4f9f148, RDI=0x0000000000000010
R8 =0x0000000000000010, R9 =0x000000001b2a4520, R10=0x00000000f4f9f120, R11=0x0000000000000000
R12=0x0000000000000000, R13=0x0000000017c559d0, R14=0x0000000017c559e0, R15=0x0000000017c55db8
RIP=0x00000000758fb62f, EFLAGS=0x0000000000010202

Top of Stack: (sp=0x000000001956a848)
0x000000001956a848:   0000000075a89d48 000000001956a930
0x000000001956a858:   0000000000000000 000000001a0b0800
0x000000001956a868:   000000007588d50d 00000000f4f9f120
0x000000001956a878:   00000000759542d0 0000000000000010
0x000000001956a888:   000000001b2a4520 000000001a0b0800
0x000000001956a898:   000000001956aa40 0000000000000000
0x000000001956a8a8:   000000007595351e 000000001a0b0800
0x000000001956a8b8:   0000000000000000 0000000000000000
0x000000001956a8c8:   000000007595336c 0000000000000010
0x000000001956a8d8:   000000001a0b09f8 0000000000000000
0x000000001956a8e8:   000000001956aa30 000000001956a930
0x000000001956a8f8:   00000000756f1aee 00000000000003d8
0x000000001956a908:   00000000f4f9f000 000000001956aa40
0x000000001956a918:   0000000000000000 000000001956a930
0x000000001956a928:   000000001956aab8 646172672f67726f
0x000000001956a938:   692f6970612f656c 2f6c616e7265746e 

Instructions: (pc=0x00000000758fb62f)
0x00000000758fb60f:   cc 48 8b 89 30 01 00 00 e9 44 a3 f3 ff cc cc cc
0x00000000758fb61f:   cc 48 89 5c 24 08 57 48 83 ec 20 48 8b f9 8b 0d
0x00000000758fb62f:   65 c0 6b 00 8b da ff 15 b5 7d 4e 00 44 8b c3 48
0x00000000758fb63f:   8b d7 48 8b 88 30 01 00 00 48 8b 5c 24 30 48 83 


Register to memory mapping:

RAX=0x0000000000000011 is an unknown value
RBX=0x0000000000000000 is an unknown value
RCX=0x0000000000000011 is an unknown value
RDX=0x0000000000000011 is an unknown value
RSP=0x000000001956a848 is pointing into the stack for thread: 0x000000001a0b0800
RBP=0x00000000000007ff is an unknown value
RSI=0x00000000f4f9f148 is an oop

[error occurred during error reporting (printing register info), id 0xc0000005]

Stack: [0x0000000019470000,0x0000000019570000],  sp=0x000000001956a848,  free space=1002k
Native frames: (J=compiled Java code, j=interpreted, Vv=VM code, C=native code)
V  [jvm.dll+0xeb62f]
C  0x00000000f4f9f120

Java frames: (J=compiled Java code, j=interpreted, Vv=VM code)
J 1376  java.lang.Class.forName0(Ljava/lang/String;ZLjava/lang/ClassLoader;Ljava/lang/Class;)Ljava/lang/Class; (0 bytes) @ 0x0000000002d95387 [0x0000000002d95300+0x87]
J 14473 C2 sun.reflect.generics.visitor.Reifier.visitClassTypeSignature(Lsun/reflect/generics/tree/ClassTypeSignature;)V (381 bytes) @ 0x0000000005080084 [0x000000000507fce0+0x3a4]
J 14474 C2 sun.reflect.generics.tree.ClassTypeSignature.accept(Lsun/reflect/generics/visitor/TypeTreeVisitor;)V (8 bytes) @ 0x0000000004507568 [0x0000000004507520+0x48]
J 10480 C2 java.lang.reflect.Executable.sharedToGenericString(IZ)Ljava/lang/String; (329 bytes) @ 0x00000000045da680 [0x00000000045d8be0+0x1aa0]
J 14295 C2 java.lang.reflect.Method.toGenericString()Ljava/lang/String; (12 bytes) @ 0x0000000003a15490 [0x0000000003a15420+0x70]
J 18015 C2 java.beans.MethodRef.get()Ljava/lang/reflect/Method; (92 bytes) @ 0x0000000005c27db0 [0x0000000005c27b00+0x2b0]
J 14308 C1 java.beans.PropertyDescriptor.getReadMethod()Ljava/lang/reflect/Method; (175 bytes) @ 0x00000000031323b4 [0x00000000031321e0+0x1d4]
J 4679 C1 groovy.lang.MetaClassImpl.applyPropertyDescriptors([Ljava/beans/PropertyDescriptor;)V (151 bytes) @ 0x0000000003774794 [0x0000000003773d80+0xa14]
j  groovy.lang.MetaClassImpl.setupProperties([Ljava/beans/PropertyDescriptor;)V+264
J 19961 C1 groovy.lang.MetaClassImpl.addProperties()V (230 bytes) @ 0x00000000061b374c [0x00000000061b3220+0x52c]
J 14394 C1 groovy.lang.MetaClassImpl.initialize()V (35 bytes) @ 0x000000000350b59c [0x000000000350b340+0x25c]
J 14736 C2 org.codehaus.groovy.reflection.ClassInfo.getMetaClass()Lgroovy/lang/MetaClass; (33 bytes) @ 0x00000000038d6ec0 [0x00000000038d6ae0+0x3e0]
J 15229 C1 org.codehaus.groovy.runtime.ScriptBytecodeAdapter.initMetaClass(Ljava/lang/Object;)Lgroovy/lang/MetaClass; (8 bytes) @ 0x0000000003472de4 [0x0000000003472900+0x4e4]
j  com.android.build.gradle.tasks.GenerateResValues.$getStaticMetaClass()Lgroovy/lang/MetaClass;+10
j  com.android.build.gradle.tasks.GenerateResValues.<init>()V+9
j  com.android.build.gradle.tasks.GenerateResValues_Decorated.<init>()V+1
v  ~StubRoutines::call_stub
J 2017  sun.reflect.NativeConstructorAccessorImpl.newInstance0(Ljava/lang/reflect/Constructor;[Ljava/lang/Object;)Ljava/lang/Object; (0 bytes) @ 0x000000000303d3e6 [0x000000000303d380+0x66]
J 17075 C2 sun.reflect.NativeConstructorAccessorImpl.newInstance([Ljava/lang/Object;)Ljava/lang/Object; (89 bytes) @ 0x00000000058feb08 [0x00000000058feaa0+0x68]
J 8122 C2 java.lang.reflect.Constructor.newInstance([Ljava/lang/Object;)Ljava/lang/Object; (87 bytes) @ 0x0000000003f88760 [0x0000000003f886a0+0xc0]
J 9139 C1 org.gradle.api.internal.DependencyInjectingInstantiator.newInstance(Ljava/lang/Class;[Ljava/lang/Object;)Ljava/lang/Object; (55 bytes) @ 0x0000000003932144 [0x0000000003931d80+0x3c4]
J 20013 C1 org.gradle.api.internal.ClassGeneratorBackedInstantiator.newInstance(Ljava/lang/Class;[Ljava/lang/Object;)Ljava/lang/Object; (40 bytes) @ 0x00000000061c3f94 [0x00000000061c3880+0x714]
J 10118 C1 org.gradle.api.internal.project.taskfactory.TaskFactory$1.call()Lorg/gradle/api/Task; (56 bytes) @ 0x00000000044c132c [0x00000000044c1180+0x1ac]
J 10117 C1 org.gradle.api.internal.project.taskfactory.TaskFactory$1.call()Ljava/lang/Object; (5 bytes) @ 0x00000000044c0d4c [0x00000000044c0cc0+0x8c]
J 10114 C1 org.gradle.api.internal.AbstractTask.injectIntoNewInstance(Lorg/gradle/api/internal/project/ProjectInternal;Ljava/lang/String;Ljava/util/concurrent/Callable;)Lorg/gradle/api/Task; (60 bytes) @ 0x00000000044b8994 [0x00000000044b8420+0x574]
J 9162 C1 org.gradle.api.internal.project.taskfactory.TaskFactory.create(Ljava/lang/String;Ljava/lang/Class;)Lorg/gradle/api/internal/TaskInternal; (97 bytes) @ 0x0000000003d55afc [0x0000000003d54540+0x15bc]
J 10122 C1 org.gradle.api.internal.project.taskfactory.TaskFactory.createTask(Ljava/util/Map;)Lorg/gradle/api/internal/TaskInternal; (214 bytes) @ 0x00000000044d0e54 [0x00000000044cfae0+0x1374]
J 9171 C1 org.gradle.api.internal.project.taskfactory.AnnotationProcessingTaskFactory.createTask(Ljava/util/Map;)Lorg/gradle/api/internal/TaskInternal; (15 bytes) @ 0x0000000003de680c [0x0000000003de6700+0x10c]
J 9170 C1 org.gradle.api.internal.project.taskfactory.DependencyAutoWireTaskFactory.createTask(Ljava/util/Map;)Lorg/gradle/api/internal/TaskInternal; (15 bytes) @ 0x0000000003d52934 [0x0000000003d52820+0x114]
J 9169 C1 org.gradle.api.internal.tasks.DefaultTaskContainer.create(Ljava/util/Map;)Lorg/gradle/api/Task; (150 bytes) @ 0x0000000003eaab54 [0x0000000003eaa400+0x754]
J 9234 C1 org.gradle.api.internal.tasks.DefaultTaskContainer.create(Ljava/lang/String;Ljava/lang/Class;)Lorg/gradle/api/Task; (37 bytes) @ 0x0000000003b1715c [0x0000000003b16b40+0x61c]
J 13038 C1 org.gradle.api.internal.tasks.DefaultTaskContainer.create(Ljava/lang/String;Ljava/lang/Class;Lorg/gradle/api/Action;)Lorg/gradle/api/Task; (19 bytes) @ 0x0000000004d8193c [0x0000000004d81840+0xfc]
J 12191 C1 com.android.build.gradle.internal.scope.AndroidTaskRegistry.create(Lcom/android/build/gradle/internal/TaskFactory;Ljava/lang/String;Ljava/lang/Class;Lorg/gradle/api/Action;)Lcom/android/build/gradle/internal/scope/AndroidTask; (37 bytes) @ 0x0000000003edf764 [0x0000000003edf500+0x264]
J 10135 C1 com.android.build.gradle.internal.scope.AndroidTaskRegistry.create(Lcom/android/build/gradle/internal/TaskFactory;Lcom/android/build/gradle/internal/scope/TaskConfigAction;)Lcom/android/build/gradle/internal/scope/AndroidTask; (19 bytes) @ 0x00000000044dc66c [0x00000000044dc460+0x20c]
j  com.android.build.gradle.internal.TaskManager.createGenerateResValuesTask(Lcom/android/build/gradle/internal/TaskFactory;Lcom/android/build/gradle/internal/scope/VariantScope;)V+13
j  com.android.build.gradle.internal.ApplicationTaskManager$2.call()Ljava/lang/Void;+12
j  com.android.build.gradle.internal.ApplicationTaskManager$2.call()Ljava/lang/Object;+1
J 12761 C1 com.android.builder.profile.ThreadRecorder$1.record(Lcom/android/builder/profile/ExecutionType;Lcom/android/builder/profile/Recorder$Block;[Lcom/android/builder/profile/Recorder$Property;)Ljava/lang/Object; (10 bytes) @ 0x0000000004c85994 [0x0000000004c85780+0x214]
j  com.android.build.gradle.internal.ApplicationTaskManager.createTasksForVariantData(Lcom/android/build/gradle/internal/TaskFactory;Lcom/android/build/gradle/internal/variant/BaseVariantData;)V+95
j  com.android.build.gradle.internal.VariantManager.createTasksForVariantData(Lcom/android/build/gradle/internal/TaskFactory;Lcom/android/build/gradle/internal/variant/BaseVariantData;)V+526
j  com.android.build.gradle.internal.VariantManager$3.call()Ljava/lang/Void;+12
j  com.android.build.gradle.internal.VariantManager$3.call()Ljava/lang/Object;+1
J 12761 C1 com.android.builder.profile.ThreadRecorder$1.record(Lcom/android/builder/profile/ExecutionType;Lcom/android/builder/profile/Recorder$Block;[Lcom/android/builder/profile/Recorder$Property;)Ljava/lang/Object; (10 bytes) @ 0x0000000004c85994 [0x0000000004c85780+0x214]
j  com.android.build.gradle.internal.profile.SpanRecorders.record(Lorg/gradle/api/Project;Lcom/android/builder/profile/ExecutionType;Lcom/android/builder/profile/Recorder$Block;[Lcom/android/builder/profile/Recorder$Property;)Ljava/lang/Object;+45
j  com.android.build.gradle.internal.VariantManager.createAndroidTasks()V+167
j  com.android.build.gradle.BasePlugin$12.call()Ljava/lang/Void;+7
j  com.android.build.gradle.BasePlugin$12.call()Ljava/lang/Object;+1
J 12761 C1 com.android.builder.profile.ThreadRecorder$1.record(Lcom/android/builder/profile/ExecutionType;Lcom/android/builder/profile/Recorder$Block;[Lcom/android/builder/profile/Recorder$Property;)Ljava/lang/Object; (10 bytes) @ 0x0000000004c85994 [0x0000000004c85780+0x214]
j  com.android.build.gradle.BasePlugin.createAndroidTasks(Z)V+310
j  com.android.build.gradle.BasePlugin$10$1.call()Ljava/lang/Void;+8
j  com.android.build.gradle.BasePlugin$10$1.call()Ljava/lang/Object;+1
J 12761 C1 com.android.builder.profile.ThreadRecorder$1.record(Lcom/android/builder/profile/ExecutionType;Lcom/android/builder/profile/Recorder$Block;[Lcom/android/builder/profile/Recorder$Property;)Ljava/lang/Object; (10 bytes) @ 0x0000000004c85994 [0x0000000004c85780+0x214]
j  com.android.build.gradle.BasePlugin$10.execute(Lorg/gradle/api/Project;)V+36
j  com.android.build.gradle.BasePlugin$10.execute(Ljava/lang/Object;)V+5
j  org.gradle.internal.event.BroadcastDispatch$ActionInvocationHandler.dispatch(Lorg/gradle/messaging/dispatch/MethodInvocation;)V+27
j  org.gradle.internal.event.BroadcastDispatch$ActionInvocationHandler.dispatch(Ljava/lang/Object;)V+5
j  org.gradle.internal.event.AbstractBroadcastDispatch.dispatch(Lorg/gradle/messaging/dispatch/MethodInvocation;Ljava/util/Iterator;)V+31
J 4404 C1 org.gradle.internal.event.BroadcastDispatch.dispatch(Ljava/lang/Object;)V (9 bytes) @ 0x0000000002c903ac [0x0000000002c8fec0+0x4ec]
J 19983 C1 org.gradle.messaging.dispatch.ProxyDispatchAdapter$DispatchingInvocationHandler.invoke(Ljava/lang/Object;Ljava/lang/reflect/Method;[Ljava/lang/Object;)Ljava/lang/Object; (179 bytes) @ 0x000000000425344c [0x0000000004252dc0+0x68c]
j  com.sun.proxy.$Proxy11.afterEvaluate(Lorg/gradle/api/Project;Lorg/gradle/api/ProjectState;)V+20
j  org.gradle.configuration.project.LifecycleProjectEvaluator.notifyAfterEvaluate(Lorg/gradle/api/ProjectEvaluationListener;Lorg/gradle/api/internal/project/ProjectInternal;Lorg/gradle/api/internal/project/ProjectStateInternal;)V+3
j  org.gradle.configuration.project.LifecycleProjectEvaluator.evaluate(Lorg/gradle/api/internal/project/ProjectInternal;Lorg/gradle/api/internal/project/ProjectStateInternal;)V+72
j  org.gradle.api.internal.project.AbstractProject.evaluate()Lorg/gradle/api/internal/project/AbstractProject;+9
j  org.gradle.api.internal.project.AbstractProject.evaluate()Lorg/gradle/api/Project;+1
j  org.gradle.execution.TaskPathProjectEvaluator.configure(Lorg/gradle/api/internal/project/ProjectInternal;)V+21
j  org.gradle.execution.TaskSelector.getSelection(Ljava/lang/String;Lorg/gradle/api/internal/project/ProjectInternal;)Lorg/gradle/execution/TaskSelector$TaskSelection;+29
j  org.gradle.execution.TaskSelector.getSelection(Ljava/lang/String;Ljava/lang/String;)Lorg/gradle/execution/TaskSelector$TaskSelection;+35
j  org.gradle.execution.commandline.CommandLineTaskParser.parseTasks(Lorg/gradle/TaskExecutionRequest;)Ljava/util/List;+51
j  org.gradle.execution.TaskNameResolvingBuildConfigurationAction.configure(Lorg/gradle/execution/BuildExecutionContext;)V+62
j  org.gradle.execution.DefaultBuildConfigurationActionExecuter.configure(Ljava/util/List;Lorg/gradle/api/internal/GradleInternal;I)V+32
j  org.gradle.execution.DefaultBuildConfigurationActionExecuter.access$000(Lorg/gradle/execution/DefaultBuildConfigurationActionExecuter;Ljava/util/List;Lorg/gradle/api/internal/GradleInternal;I)V+4
j  org.gradle.execution.DefaultBuildConfigurationActionExecuter$1.proceed()V+18
j  org.gradle.execution.DefaultTasksBuildExecutionAction.configure(Lorg/gradle/execution/BuildExecutionContext;)V+58
j  org.gradle.execution.DefaultBuildConfigurationActionExecuter.configure(Ljava/util/List;Lorg/gradle/api/internal/GradleInternal;I)V+32
j  org.gradle.execution.DefaultBuildConfigurationActionExecuter.access$000(Lorg/gradle/execution/DefaultBuildConfigurationActionExecuter;Ljava/util/List;Lorg/gradle/api/internal/GradleInternal;I)V+4
j  org.gradle.execution.DefaultBuildConfigurationActionExecuter$1.proceed()V+18
j  org.gradle.execution.ExcludedTaskFilteringBuildConfigurationAction.configure(Lorg/gradle/execution/BuildExecutionContext;)V+102
j  org.gradle.execution.DefaultBuildConfigurationActionExecuter.configure(Ljava/util/List;Lorg/gradle/api/internal/GradleInternal;I)V+32
j  org.gradle.execution.DefaultBuildConfigurationActionExecuter.select(Lorg/gradle/api/internal/GradleInternal;)V+29
j  org.gradle.initialization.DefaultGradleLauncher$3.run()V+14
J 16062 C2 org.gradle.internal.Factories$1.create()Ljava/lang/Object; (11 bytes) @ 0x000000000305eec4 [0x000000000305ee80+0x44]
j  org.gradle.internal.progress.DefaultBuildOperationExecutor.run(Lorg/gradle/internal/progress/BuildOperationDetails;Lorg/gradle/internal/Factory;)Ljava/lang/Object;+171
j  org.gradle.internal.progress.DefaultBuildOperationExecutor.run(Ljava/lang/String;Ljava/lang/Runnable;)V+12
j  org.gradle.initialization.DefaultGradleLauncher.doBuildStages(Lorg/gradle/initialization/DefaultGradleLauncher$Stage;)V+66
j  org.gradle.initialization.DefaultGradleLauncher.access$200(Lorg/gradle/initialization/DefaultGradleLauncher;Lorg/gradle/initialization/DefaultGradleLauncher$Stage;)V+2
j  org.gradle.initialization.DefaultGradleLauncher$1.create()Lorg/gradle/BuildResult;+29
j  org.gradle.initialization.DefaultGradleLauncher$1.create()Ljava/lang/Object;+1
j  org.gradle.internal.progress.DefaultBuildOperationExecutor.run(Lorg/gradle/internal/progress/BuildOperationDetails;Lorg/gradle/internal/Factory;)Ljava/lang/Object;+171
j  org.gradle.internal.progress.DefaultBuildOperationExecutor.run(Ljava/lang/String;Lorg/gradle/internal/Factory;)Ljava/lang/Object;+9
j  org.gradle.initialization.DefaultGradleLauncher.doBuild(Lorg/gradle/initialization/DefaultGradleLauncher$Stage;)Lorg/gradle/BuildResult;+25
j  org.gradle.initialization.DefaultGradleLauncher.run()Lorg/gradle/BuildResult;+4
j  org.gradle.launcher.exec.InProcessBuildActionExecuter$DefaultBuildController.run()Lorg/gradle/api/internal/GradleInternal;+4
j  org.gradle.tooling.internal.provider.runner.BuildModelActionRunner.run(Lorg/gradle/internal/invocation/BuildAction;Lorg/gradle/internal/invocation/BuildController;)V+29
j  org.gradle.launcher.exec.ChainingBuildActionRunner.run(Lorg/gradle/internal/invocation/BuildAction;Lorg/gradle/internal/invocation/BuildController;)V+34
j  org.gradle.tooling.internal.provider.runner.SubscribableBuildActionRunner.run(Lorg/gradle/internal/invocation/BuildAction;Lorg/gradle/internal/invocation/BuildController;)V+37
j  org.gradle.launcher.exec.ChainingBuildActionRunner.run(Lorg/gradle/internal/invocation/BuildAction;Lorg/gradle/internal/invocation/BuildController;)V+34
j  org.gradle.launcher.exec.InProcessBuildActionExecuter.execute(Lorg/gradle/internal/invocation/BuildAction;Lorg/gradle/initialization/BuildRequestContext;Lorg/gradle/launcher/exec/BuildActionParameters;Lorg/gradle/internal/service/ServiceRegistry;)Ljava/lang/Object;+63
j  org.gradle.launcher.exec.InProcessBuildActionExecuter.execute(Lorg/gradle/internal/invocation/BuildAction;Lorg/gradle/initialization/BuildRequestContext;Ljava/lang/Object;Lorg/gradle/internal/service/ServiceRegistry;)Ljava/lang/Object;+9
j  org.gradle.launcher.exec.ContinuousBuildActionExecuter.execute(Lorg/gradle/internal/invocation/BuildAction;Lorg/gradle/initialization/BuildRequestContext;Lorg/gradle/launcher/exec/BuildActionParameters;Lorg/gradle/internal/service/ServiceRegistry;)Ljava/lang/Object;+70
j  org.gradle.launcher.exec.ContinuousBuildActionExecuter.execute(Lorg/gradle/internal/invocation/BuildAction;Lorg/gradle/initialization/BuildRequestContext;Ljava/lang/Object;Lorg/gradle/internal/service/ServiceRegistry;)Ljava/lang/Object;+9
j  org.gradle.launcher.daemon.server.exec.ExecuteBuild.doBuild(Lorg/gradle/launcher/daemon/server/api/DaemonCommandExecution;Lorg/gradle/launcher/daemon/protocol/Build;)V+74
j  org.gradle.launcher.daemon.server.exec.BuildCommandOnly.execute(Lorg/gradle/launcher/daemon/server/api/DaemonCommandExecution;)V+49
J 18095 C1 org.gradle.launcher.daemon.server.api.DaemonCommandExecution.proceed()Z (35 bytes) @ 0x0000000003e84e54 [0x0000000003e84aa0+0x3b4]
j  org.gradle.launcher.daemon.server.exec.WatchForDisconnection.execute(Lorg/gradle/launcher/daemon/server/api/DaemonCommandExecution;)V+19
J 18095 C1 org.gradle.launcher.daemon.server.api.DaemonCommandExecution.proceed()Z (35 bytes) @ 0x0000000003e84e54 [0x0000000003e84aa0+0x3b4]
j  org.gradle.launcher.daemon.server.exec.ResetDeprecationLogger.execute(Lorg/gradle/launcher/daemon/server/api/DaemonCommandExecution;)V+4
J 18095 C1 org.gradle.launcher.daemon.server.api.DaemonCommandExecution.proceed()Z (35 bytes) @ 0x0000000003e84e54 [0x0000000003e84aa0+0x3b4]
j  org.gradle.launcher.daemon.server.exec.RequestStopIfSingleUsedDaemon.execute(Lorg/gradle/launcher/daemon/server/api/DaemonCommandExecution;)V+31
J 18095 C1 org.gradle.launcher.daemon.server.api.DaemonCommandExecution.proceed()Z (35 bytes) @ 0x0000000003e84e54 [0x0000000003e84aa0+0x3b4]
j  org.gradle.launcher.daemon.server.exec.ForwardClientInput$2.call()Ljava/lang/Void;+4
j  org.gradle.launcher.daemon.server.exec.ForwardClientInput$2.call()Ljava/lang/Object;+1
j  org.gradle.util.Swapper.swap(Ljava/lang/Object;Ljava/util/concurrent/Callable;)Ljava/lang/Object;+21
j  org.gradle.launcher.daemon.server.exec.ForwardClientInput.execute(Lorg/gradle/launcher/daemon/server/api/DaemonCommandExecution;)V+63
J 18095 C1 org.gradle.launcher.daemon.server.api.DaemonCommandExecution.proceed()Z (35 bytes) @ 0x0000000003e84e54 [0x0000000003e84aa0+0x3b4]
j  org.gradle.launcher.daemon.server.health.DaemonHealthTracker.execute(Lorg/gradle/launcher/daemon/server/api/DaemonCommandExecution;)V+35
J 18095 C1 org.gradle.launcher.daemon.server.api.DaemonCommandExecution.proceed()Z (35 bytes) @ 0x0000000003e84e54 [0x0000000003e84aa0+0x3b4]
j  org.gradle.launcher.daemon.server.exec.LogToClient.doBuild(Lorg/gradle/launcher/daemon/server/api/DaemonCommandExecution;Lorg/gradle/launcher/daemon/protocol/Build;)V+97
j  org.gradle.launcher.daemon.server.exec.BuildCommandOnly.execute(Lorg/gradle/launcher/daemon/server/api/DaemonCommandExecution;)V+49
J 18095 C1 org.gradle.launcher.daemon.server.api.DaemonCommandExecution.proceed()Z (35 bytes) @ 0x0000000003e84e54 [0x0000000003e84aa0+0x3b4]
j  org.gradle.launcher.daemon.server.exec.EstablishBuildEnvironment.doBuild(Lorg/gradle/launcher/daemon/server/api/DaemonCommandExecution;Lorg/gradle/launcher/daemon/protocol/Build;)V+279
j  org.gradle.launcher.daemon.server.exec.BuildCommandOnly.execute(Lorg/gradle/launcher/daemon/server/api/DaemonCommandExecution;)V+49
J 18095 C1 org.gradle.launcher.daemon.server.api.DaemonCommandExecution.proceed()Z (35 bytes) @ 0x0000000003e84e54 [0x0000000003e84aa0+0x3b4]
j  org.gradle.launcher.daemon.server.health.HintGCAfterBuild.execute(Lorg/gradle/launcher/daemon/server/api/DaemonCommandExecution;)V+1
J 18095 C1 org.gradle.launcher.daemon.server.api.DaemonCommandExecution.proceed()Z (35 bytes) @ 0x0000000003e84e54 [0x0000000003e84aa0+0x3b4]
j  org.gradle.launcher.daemon.server.exec.StartBuildOrRespondWithBusy$1.run()V+44
j  org.gradle.launcher.daemon.server.DaemonStateCoordinator$1.run()V+4
J 15827 C1 org.gradle.internal.concurrent.ExecutorPolicy$CatchAndRecordFailures.onExecute(Ljava/lang/Runnable;)V (45 bytes) @ 0x00000000054f429c [0x00000000054f4180+0x11c]
J 14738 C1 org.gradle.internal.concurrent.StoppableExecutorImpl$1.run()V (59 bytes) @ 0x00000000051cfac4 [0x00000000051cf6a0+0x424]
J 15623 C1 java.util.concurrent.ThreadPoolExecutor.runWorker(Ljava/util/concurrent/ThreadPoolExecutor$Worker;)V (225 bytes) @ 0x00000000049dca14 [0x00000000049dba60+0xfb4]
J 13858 C1 java.util.concurrent.ThreadPoolExecutor$Worker.run()V (9 bytes) @ 0x0000000003265f84 [0x0000000003265e80+0x104]
J 13760 C1 java.lang.Thread.run()V (17 bytes) @ 0x0000000004ece0c4 [0x0000000004ecdf80+0x144]
v  ~StubRoutines::call_stub

---------------  P R O C E S S  ---------------

Java Threads: ( => current thread )
  0x000000001a0b6800 JavaThread "Stdin handler" [_thread_blocked, id=6400, stack(0x0000000019570000,0x0000000019670000)]
=>0x000000001a0b0800 JavaThread "Daemon worker Thread 13" [_thread_in_vm, id=2640, stack(0x0000000019470000,0x0000000019570000)]
  0x000000001a0ac800 JavaThread "Cancel handler" [_thread_blocked, id=8920, stack(0x0000000019370000,0x0000000019470000)]
  0x000000001a0af800 JavaThread "Handler for socket connection from /127.0.0.1:31084 to /127.0.0.1:42031" [_thread_in_native, id=10148, stack(0x0000000019270000,0x0000000019370000)]
  0x000000001a0ae000 JavaThread "Daemon Thread 13" [_thread_blocked, id=7524, stack(0x0000000019170000,0x0000000019270000)]
  0x000000001a0b2800 JavaThread "pool-2-thread-4" [_thread_blocked, id=5076, stack(0x000000001dc60000,0x000000001dd60000)]
  0x000000001a0ad800 JavaThread "pool-2-thread-3" [_thread_blocked, id=7436, stack(0x0000000021aa0000,0x0000000021ba0000)]
  0x000000001a0ab000 JavaThread "pool-2-thread-2" [_thread_blocked, id=5480, stack(0x00000000219a0000,0x0000000021aa0000)]
  0x000000001a07a000 JavaThread "pool-2-thread-1" [_thread_blocked, id=5124, stack(0x00000000218a0000,0x00000000219a0000)]
  0x000000001a077800 JavaThread "File lock request listener" [_thread_in_native, id=8768, stack(0x000000001bfb0000,0x000000001c0b0000)]
  0x0000000017c5e800 JavaThread "Incoming local TCP Connector on port 31084" [_thread_in_native, id=9996, stack(0x0000000017720000,0x0000000017820000)]
  0x000000001502e800 JavaThread "Service Thread" daemon [_thread_blocked, id=9396, stack(0x0000000016d20000,0x0000000016e20000)]
  0x0000000014fe4000 JavaThread "C1 CompilerThread2" daemon [_thread_blocked, id=8648, stack(0x0000000016820000,0x0000000016920000)]
  0x0000000014fd7000 JavaThread "C2 CompilerThread1" daemon [_thread_in_native, id=5144, stack(0x0000000016720000,0x0000000016820000)]
  0x0000000014fd1000 JavaThread "C2 CompilerThread0" daemon [_thread_blocked, id=4368, stack(0x0000000016620000,0x0000000016720000)]
  0x0000000014fcf000 JavaThread "Attach Listener" daemon [_thread_blocked, id=6676, stack(0x0000000016520000,0x0000000016620000)]
  0x0000000014fcd800 JavaThread "Signal Dispatcher" daemon [_thread_blocked, id=5700, stack(0x0000000016420000,0x0000000016520000)]
  0x00000000028f8000 JavaThread "Finalizer" daemon [_thread_blocked, id=7032, stack(0x0000000016230000,0x0000000016330000)]
  0x00000000028ef000 JavaThread "Reference Handler" daemon [_thread_blocked, id=7216, stack(0x0000000016130000,0x0000000016230000)]
  0x0000000002802800 JavaThread "main" [_thread_blocked, id=2276, stack(0x0000000002660000,0x0000000002760000)]

Other Threads:
  0x0000000014f98000 VMThread [stack: 0x0000000016030000,0x0000000016130000] [id=2708]
  0x0000000016965800 WatcherThread [stack: 0x0000000016e20000,0x0000000016f20000] [id=1808]

VM state:not at safepoint (normal execution)

VM Mutex/Monitor currently owned by a thread: None

Heap:
 PSYoungGen      total 309248K, used 169069K [0x00000000eab00000, 0x00000000ff080000, 0x0000000100000000)
  eden space 301568K, 56% used [0x00000000eab00000,0x00000000f501b730,0x00000000fd180000)
  from space 7680K, 0% used [0x00000000fd180000,0x00000000fd180000,0x00000000fd900000)
  to   space 15872K, 0% used [0x00000000fe100000,0x00000000fe100000,0x00000000ff080000)
 ParOldGen       total 88576K, used 25896K [0x00000000c0000000, 0x00000000c5680000, 0x00000000eab00000)
  object space 88576K, 29% used [0x00000000c0000000,0x00000000c194a018,0x00000000c5680000)
 Metaspace       used 61457K, capacity 64432K, committed 68864K, reserved 1110016K
  class space    used 7750K, capacity 8017K, committed 8960K, reserved 1048576K

Card table byte_map: [0x0000000011cc0000,0x0000000011ed0000] byte_map_base: 0x00000000116c0000

Marking Bits: (ParMarkBitMap*) 0x000000007601a5b0
 Begin Bits: [0x0000000012430000, 0x0000000013430000)
 End Bits:   [0x0000000013430000, 0x0000000014430000)

Polling page: 0x0000000002610000

CodeCache: size=245760Kb used=57728Kb max_used=57842Kb free=188031Kb
 bounds [0x0000000002900000, 0x0000000006220000, 0x0000000011900000]
 total_blobs=15569 nmethods=14840 adapters=639
 compilation: enabled

Compilation events (10 events):
Event: 8255.009 Thread 0x0000000014fd1000 20009       4       java.util.Stack::empty (13 bytes)
Event: 8255.011 Thread 0x0000000014fd1000 nmethod 20009 0x0000000003234410 code [0x0000000003234540, 0x0000000003234738]
Event: 8255.012 Thread 0x0000000014fd1000 20031       4       sun.reflect.generics.parser.SignatureParser::parseClassTypeSignatureSuffix (29 bytes)
Event: 8255.013 Thread 0x0000000014fd1000 nmethod 20031 0x000000000308e610 code [0x000000000308e740, 0x000000000308e7f8]
Event: 8255.013 Thread 0x0000000014fd1000 20032       4       sun.reflect.generics.tree.ClassTypeSignature::make (9 bytes)
Event: 8255.015 Thread 0x0000000014fd1000 nmethod 20032 0x0000000004252850 code [0x00000000042529a0, 0x0000000004252a58]
Event: 8255.026 Thread 0x0000000014fd1000 20033       4       sun.reflect.generics.tree.VoidDescriptor::accept (8 bytes)
Event: 8255.027 Thread 0x0000000014fd1000 nmethod 20033 0x0000000002ab7ed0 code [0x0000000002ab8020, 0x0000000002ab80f8]
Event: 8255.027 Thread 0x0000000014fd1000 20034       4       groovy.lang.MetaMethod::equal (38 bytes)
Event: 8255.028 Thread 0x0000000014fd1000 nmethod 20034 0x0000000002beca50 code [0x0000000002becb80, 0x0000000002becc58]

GC Heap History (10 events):
Event: 4675.508 GC heap before
{Heap before GC invocations=51 (full 14):
 PSYoungGen      total 315392K, used 265280K [0x00000000eab00000, 0x00000000ff500000, 0x0000000100000000)
  eden space 296448K, 86% used [0x00000000eab00000,0x00000000fa5aff78,0x00000000fcc80000)
  from space 18944K, 45% used [0x00000000fde00000,0x00000000fe6601e8,0x00000000ff080000)
  to   space 17920K, 0% used [0x00000000fcc80000,0x00000000fcc80000,0x00000000fde00000)
 ParOldGen       total 88576K, used 36803K [0x00000000c0000000, 0x00000000c5680000, 0x00000000eab00000)
  object space 88576K, 41% used [0x00000000c0000000,0x00000000c23f0c28,0x00000000c5680000)
 Metaspace       used 63215K, capacity 68182K, committed 68224K, reserved 1107968K
  class space    used 8168K, capacity 8832K, committed 8832K, reserved 1048576K
Event: 4675.522 GC heap after
Heap after GC invocations=51 (full 14):
 PSYoungGen      total 314368K, used 8455K [0x00000000eab00000, 0x00000000ff300000, 0x0000000100000000)
  eden space 296448K, 0% used [0x00000000eab00000,0x00000000eab00000,0x00000000fcc80000)
  from space 17920K, 47% used [0x00000000fcc80000,0x00000000fd4c1ce0,0x00000000fde00000)
  to   space 16896K, 0% used [0x00000000fe280000,0x00000000fe280000,0x00000000ff300000)
 ParOldGen       total 88576K, used 36811K [0x00000000c0000000, 0x00000000c5680000, 0x00000000eab00000)
  object space 88576K, 41% used [0x00000000c0000000,0x00000000c23f2c28,0x00000000c5680000)
 Metaspace       used 63215K, capacity 68182K, committed 68224K, reserved 1107968K
  class space    used 8168K, capacity 8832K, committed 8832K, reserved 1048576K
}
Event: 4675.522 GC heap before
{Heap before GC invocations=52 (full 15):
 PSYoungGen      total 314368K, used 8455K [0x00000000eab00000, 0x00000000ff300000, 0x0000000100000000)
  eden space 296448K, 0% used [0x00000000eab00000,0x00000000eab00000,0x00000000fcc80000)
  from space 17920K, 47% used [0x00000000fcc80000,0x00000000fd4c1ce0,0x00000000fde00000)
  to   space 16896K, 0% used [0x00000000fe280000,0x00000000fe280000,0x00000000ff300000)
 ParOldGen       total 88576K, used 36811K [0x00000000c0000000, 0x00000000c5680000, 0x00000000eab00000)
  object space 88576K, 41% used [0x00000000c0000000,0x00000000c23f2c28,0x00000000c5680000)
 Metaspace       used 63215K, capacity 68182K, committed 68224K, reserved 1107968K
  class space    used 8168K, capacity 8832K, committed 8832K, reserved 1048576K
Event: 4675.705 GC heap after
Heap after GC invocations=52 (full 15):
 PSYoungGen      total 314368K, used 0K [0x00000000eab00000, 0x00000000ff300000, 0x0000000100000000)
  eden space 296448K, 0% used [0x00000000eab00000,0x00000000eab00000,0x00000000fcc80000)
  from space 17920K, 0% used [0x00000000fcc80000,0x00000000fcc80000,0x00000000fde00000)
  to   space 16896K, 0% used [0x00000000fe280000,0x00000000fe280000,0x00000000ff300000)
 ParOldGen       total 88576K, used 38028K [0x00000000c0000000, 0x00000000c5680000, 0x00000000eab00000)
  object space 88576K, 42% used [0x00000000c0000000,0x00000000c2523300,0x00000000c5680000)
 Metaspace       used 63153K, capacity 68100K, committed 68224K, reserved 1107968K
  class space    used 8162K, capacity 8826K, committed 8832K, reserved 1048576K
}
Event: 4685.387 GC heap before
{Heap before GC invocations=53 (full 15):
 PSYoungGen      total 314368K, used 296448K [0x00000000eab00000, 0x00000000ff300000, 0x0000000100000000)
  eden space 296448K, 100% used [0x00000000eab00000,0x00000000fcc80000,0x00000000fcc80000)
  from space 17920K, 0% used [0x00000000fcc80000,0x00000000fcc80000,0x00000000fde00000)
  to   space 16896K, 0% used [0x00000000fe280000,0x00000000fe280000,0x00000000ff300000)
 ParOldGen       total 88576K, used 38028K [0x00000000c0000000, 0x00000000c5680000, 0x00000000eab00000)
  object space 88576K, 42% used [0x00000000c0000000,0x00000000c2523300,0x00000000c5680000)
 Metaspace       used 63350K, capacity 68466K, committed 68608K, reserved 1110016K
  class space    used 8177K, capacity 8840K, committed 8960K, reserved 1048576K
Event: 4685.400 GC heap after
Heap after GC invocations=53 (full 15):
 PSYoungGen      total 316928K, used 8859K [0x00000000eab00000, 0x00000000ff180000, 0x0000000100000000)
  eden space 301568K, 0% used [0x00000000eab00000,0x00000000eab00000,0x00000000fd180000)
  from space 15360K, 57% used [0x00000000fe280000,0x00000000feb26f80,0x00000000ff180000)
  to   space 16384K, 0% used [0x00000000fd180000,0x00000000fd180000,0x00000000fe180000)
 ParOldGen       total 88576K, used 38036K [0x00000000c0000000, 0x00000000c5680000, 0x00000000eab00000)
  object space 88576K, 42% used [0x00000000c0000000,0x00000000c2525300,0x00000000c5680000)
 Metaspace       used 63350K, capacity 68466K, committed 68608K, reserved 1110016K
  class space    used 8177K, capacity 8840K, committed 8960K, reserved 1048576K
}
Event: 7843.364 GC heap before
{Heap before GC invocations=54 (full 15):
 PSYoungGen      total 316928K, used 213039K [0x00000000eab00000, 0x00000000ff180000, 0x0000000100000000)
  eden space 301568K, 67% used [0x00000000eab00000,0x00000000f7264d28,0x00000000fd180000)
  from space 15360K, 57% used [0x00000000fe280000,0x00000000feb26f80,0x00000000ff180000)
  to   space 16384K, 0% used [0x00000000fd180000,0x00000000fd180000,0x00000000fe180000)
 ParOldGen       total 88576K, used 38036K [0x00000000c0000000, 0x00000000c5680000, 0x00000000eab00000)
  object space 88576K, 42% used [0x00000000c0000000,0x00000000c2525300,0x00000000c5680000)
 Metaspace       used 63427K, capacity 68618K, committed 68864K, reserved 1110016K
  class space    used 8184K, capacity 8848K, committed 8960K, reserved 1048576K
Event: 7843.373 GC heap after
Heap after GC invocations=54 (full 15):
 PSYoungGen      total 309248K, used 7297K [0x00000000eab00000, 0x00000000ff080000, 0x0000000100000000)
  eden space 301568K, 0% used [0x00000000eab00000,0x00000000eab00000,0x00000000fd180000)
  from space 7680K, 95% used [0x00000000fd180000,0x00000000fd8a05b0,0x00000000fd900000)
  to   space 15872K, 0% used [0x00000000fe100000,0x00000000fe100000,0x00000000ff080000)
 ParOldGen       total 88576K, used 38044K [0x00000000c0000000, 0x00000000c5680000, 0x00000000eab00000)
  object space 88576K, 42% used [0x00000000c0000000,0x00000000c2527300,0x00000000c5680000)
 Metaspace       used 63427K, capacity 68618K, committed 68864K, reserved 1110016K
  class space    used 8184K, capacity 8848K, committed 8960K, reserved 1048576K
}
Event: 7843.373 GC heap before
{Heap before GC invocations=55 (full 16):
 PSYoungGen      total 309248K, used 7297K [0x00000000eab00000, 0x00000000ff080000, 0x0000000100000000)
  eden space 301568K, 0% used [0x00000000eab00000,0x00000000eab00000,0x00000000fd180000)
  from space 7680K, 95% used [0x00000000fd180000,0x00000000fd8a05b0,0x00000000fd900000)
  to   space 15872K, 0% used [0x00000000fe100000,0x00000000fe100000,0x00000000ff080000)
 ParOldGen       total 88576K, used 38044K [0x00000000c0000000, 0x00000000c5680000, 0x00000000eab00000)
  object space 88576K, 42% used [0x00000000c0000000,0x00000000c2527300,0x00000000c5680000)
 Metaspace       used 63427K, capacity 68618K, committed 68864K, reserved 1110016K
  class space    used 8184K, capacity 8848K, committed 8960K, reserved 1048576K
Event: 7843.644 GC heap after
Heap after GC invocations=55 (full 16):
 PSYoungGen      total 309248K, used 0K [0x00000000eab00000, 0x00000000ff080000, 0x0000000100000000)
  eden space 301568K, 0% used [0x00000000eab00000,0x00000000eab00000,0x00000000fd180000)
  from space 7680K, 0% used [0x00000000fd180000,0x00000000fd180000,0x00000000fd900000)
  to   space 15872K, 0% used [0x00000000fe100000,0x00000000fe100000,0x00000000ff080000)
 ParOldGen       total 88576K, used 25896K [0x00000000c0000000, 0x00000000c5680000, 0x00000000eab00000)
  object space 88576K, 29% used [0x00000000c0000000,0x00000000c194a018,0x00000000c5680000)
 Metaspace       used 61199K, capacity 64018K, committed 68864K, reserved 1110016K
  class space    used 7705K, capacity 7947K, committed 8960K, reserved 1048576K
}

Deoptimization events (10 events):
Event: 7843.645 Thread 0x000000001a0af800 Uncommon trap: reason=unstable_if action=reinterpret pc=0x00000000046dc224 method=java.text.DecimalFormatSymbols.initialize(Ljava/util/Locale;)V @ 225
Event: 7843.645 Thread 0x000000001a0af800 Uncommon trap: reason=class_check action=maybe_recompile pc=0x0000000002ac7668 method=java.lang.String.equals(Ljava/lang/Object;)Z @ 8
Event: 7843.648 Thread 0x000000001a0af800 Uncommon trap: reason=array_check action=maybe_recompile pc=0x00000000049ee630 method=java.util.ComparableTimSort.reverseRange([Ljava/lang/Object;II)V @ 27
Event: 7843.650 Thread 0x000000001a0af800 Uncommon trap: reason=array_check action=maybe_recompile pc=0x00000000049ee630 method=java.util.ComparableTimSort.reverseRange([Ljava/lang/Object;II)V @ 27
Event: 7843.660 Thread 0x000000001a0af800 Uncommon trap: reason=unstable_if action=reinterpret pc=0x00000000045f8eb8 method=java.text.DecimalFormatSymbols.initialize(Ljava/util/Locale;)V @ 225
Event: 7843.660 Thread 0x000000001a0af800 Uncommon trap: reason=class_check action=maybe_recompile pc=0x0000000002ac7668 method=java.lang.String.equals(Ljava/lang/Object;)Z @ 8
Event: 8254.196 Thread 0x000000001a0af800 Uncommon trap: reason=array_check action=maybe_recompile pc=0x0000000005adf374 method=java.util.TimSort.mergeLo(IIII)V @ 81
Event: 8254.196 Thread 0x000000001a0af800 Uncommon trap: reason=array_check action=maybe_recompile pc=0x0000000005adf374 method=java.util.TimSort.mergeLo(IIII)V @ 81
Event: 8254.196 Thread 0x000000001a0af800 Uncommon trap: reason=array_check action=maybe_recompile pc=0x0000000005bef0d8 method=java.util.TimSort.mergeHi(IIII)V @ 101
Event: 8254.220 Thread 0x000000001a0b0800 Uncommon trap: reason=unstable_if action=reinterpret pc=0x00000000050878bc method=org.codehaus.groovy.util.ReferenceManager$1.removeStallEntries()V @ 11

Internal exceptions (10 events):
Event: 8254.194 Thread 0x000000001a0af800 Exception <a 'java/lang/NoSuchMethodError': <clinit>> (0x00000000eaf26a70) thrown at [C:\workspace\8-2-build-windows-amd64-cygwin\jdk8u65\4987\hotspot\src\share\vm\prims\jni.cpp, line 1591]
Event: 8254.195 Thread 0x000000001a0af800 Exception <a 'java/lang/NoSuchMethodError': <clinit>> (0x00000000eaf33040) thrown at [C:\workspace\8-2-build-windows-amd64-cygwin\jdk8u65\4987\hotspot\src\share\vm\prims\jni.cpp, line 1591]
Event: 8254.196 Thread 0x000000001a0af800 Exception <a 'java/lang/NoSuchMethodError': <clinit>> (0x00000000eaf4a670) thrown at [C:\workspace\8-2-build-windows-amd64-cygwin\jdk8u65\4987\hotspot\src\share\vm\prims\jni.cpp, line 1591]
Event: 8254.201 Thread 0x000000001a0af800 Exception <a 'java/lang/NoSuchMethodError': <clinit>> (0x00000000eaf7bc18) thrown at [C:\workspace\8-2-build-windows-amd64-cygwin\jdk8u65\4987\hotspot\src\share\vm\prims\jni.cpp, line 1591]
Event: 8254.201 Thread 0x000000001a0af800 Exception <a 'java/lang/NoSuchMethodError': <clinit>> (0x00000000eaf84918) thrown at [C:\workspace\8-2-build-windows-amd64-cygwin\jdk8u65\4987\hotspot\src\share\vm\prims\jni.cpp, line 1591]
Event: 8254.202 Thread 0x000000001a0af800 Exception <a 'java/lang/NoSuchMethodError': <clinit>> (0x00000000eafa7f78) thrown at [C:\workspace\8-2-build-windows-amd64-cygwin\jdk8u65\4987\hotspot\src\share\vm\prims\jni.cpp, line 1591]
Event: 8254.212 Thread 0x000000001a0b0800 Exception <a 'java/lang/NoSuchMethodError': <clinit>> (0x00000000eb06cc98) thrown at [C:\workspace\8-2-build-windows-amd64-cygwin\jdk8u65\4987\hotspot\src\share\vm\prims\jni.cpp, line 1591]
Event: 8254.213 Thread 0x000000001a0b0800 Exception <a 'java/lang/NoSuchMethodError': <clinit>> (0x00000000eb074de0) thrown at [C:\workspace\8-2-build-windows-amd64-cygwin\jdk8u65\4987\hotspot\src\share\vm\prims\jni.cpp, line 1591]
Event: 8254.283 Thread 0x000000001a0b0800 Exception <a 'java/lang/ClassNotFoundException': asLocalRepo31_b0yns41fi72wn5u55now51hfuBeanInfo> (0x00000000eb2c2a10) thrown at [C:\workspace\8-2-build-windows-amd64-cygwin\jdk8u65\4987\hotspot\src\share\vm\classfile\systemDictionary.cpp, line 210]
Event: 8254.283 Thread 0x000000001a0b0800 Exception <a 'java/lang/ClassNotFoundException': asLocalRepo31_b0yns41fi72wn5u55now51hfuCustomizer> (0x00000000eb2cbe70) thrown at [C:\workspace\8-2-build-windows-amd64-cygwin\jdk8u65\4987\hotspot\src\share\vm\classfile\systemDictionary.cpp, line 210]

Events (10 events):
Event: 8254.964 loading class groovy/runtime/metaclass/com/android/build/gradle/internal/tasks/CheckManifest_DecoratedMetaClass
Event: 8254.964 loading class groovy/runtime/metaclass/com/android/build/gradle/internal/tasks/CheckManifest_DecoratedMetaClass done
Event: 8254.968 loading class groovy/runtime/metaclass/com/android/build/gradle/tasks/MergeManifests_DecoratedMetaClass
Event: 8254.968 loading class groovy/runtime/metaclass/com/android/build/gradle/tasks/MergeManifests_DecoratedMetaClass done
Event: 8254.973 loading class groovy/runtime/metaclass/com/android/build/gradle/tasks/GenerateResValues$ConfigActionMetaClass
Event: 8254.973 loading class groovy/runtime/metaclass/com/android/build/gradle/tasks/GenerateResValues$ConfigActionMetaClass done
Event: 8254.974 loading class groovy/runtime/metaclass/com/android/build/gradle/internal/scope/VariantScopeImplMetaClass
Event: 8254.974 loading class groovy/runtime/metaclass/com/android/build/gradle/internal/scope/VariantScopeImplMetaClass done
Event: 8255.030 loading class groovy/runtime/metaclass/com/android/build/gradle/tasks/GenerateResValues_DecoratedMetaClass
Event: 8255.030 loading class groovy/runtime/metaclass/com/android/build/gradle/tasks/GenerateResValues_DecoratedMetaClass done


Dynamic libraries:
0x00007ff72b870000 - 0x00007ff72b8a7000 	C:\Program Files\Java\jdk1.8.0_65\bin\java.exe
0x00007ffe9d7c0000 - 0x00007ffe9d96d000 	C:\WINDOWS\SYSTEM32\ntdll.dll
0x00007ffe9c520000 - 0x00007ffe9c65e000 	C:\WINDOWS\system32\KERNEL32.DLL
0x00007ffe9ab40000 - 0x00007ffe9ac55000 	C:\WINDOWS\system32\KERNELBASE.dll
0x00007ffe989f0000 - 0x00007ffe98a7e000 	C:\WINDOWS\system32\apphelp.dll
0x00007ffe87870000 - 0x00007ffe878c3000 	C:\WINDOWS\AppPatch\AppPatch64\AcGenral.DLL
0x00007ffe9ccc0000 - 0x00007ffe9cd6a000 	C:\WINDOWS\system32\msvcrt.dll
0x00007ffe9aa60000 - 0x00007ffe9aa8e000 	C:\WINDOWS\system32\SspiCli.dll
0x00007ffe9d4c0000 - 0x00007ffe9d514000 	C:\WINDOWS\system32\SHLWAPI.dll
0x00007ffe9ced0000 - 0x00007ffe9d047000 	C:\WINDOWS\system32\USER32.dll
0x00007ffe9c660000 - 0x00007ffe9c7f4000 	C:\WINDOWS\system32\ole32.dll
0x00007ffe9ae40000 - 0x00007ffe9c368000 	C:\WINDOWS\system32\SHELL32.dll
0x00007ffe99a10000 - 0x00007ffe99a31000 	C:\WINDOWS\SYSTEM32\USERENV.dll
0x00007ffe9d1f0000 - 0x00007ffe9d29a000 	C:\WINDOWS\system32\ADVAPI32.dll
0x00007ffe83070000 - 0x00007ffe8308e000 	C:\WINDOWS\SYSTEM32\MPR.dll
0x00007ffe9d520000 - 0x00007ffe9d660000 	C:\WINDOWS\system32\RPCRT4.dll
0x00007ffe9c370000 - 0x00007ffe9c3c9000 	C:\WINDOWS\SYSTEM32\sechost.dll
0x00007ffe9c800000 - 0x00007ffe9ca11000 	C:\WINDOWS\SYSTEM32\combase.dll
0x00007ffe9cd80000 - 0x00007ffe9cecf000 	C:\WINDOWS\system32\GDI32.dll
0x00007ffe9a8e0000 - 0x00007ffe9a8f5000 	C:\WINDOWS\SYSTEM32\profapi.dll
0x00007ffe99f10000 - 0x00007ffe99fc2000 	C:\WINDOWS\SYSTEM32\SHCORE.dll
0x00007ffe9d480000 - 0x00007ffe9d4b6000 	C:\WINDOWS\system32\IMM32.DLL
0x00007ffe9d660000 - 0x00007ffe9d7b2000 	C:\WINDOWS\system32\MSCTF.dll
0x00007ffe9a330000 - 0x00007ffe9a5ab000 	C:\WINDOWS\WinSxS\amd64_microsoft.windows.common-controls_6595b64144ccf1df_6.0.9600.18006_none_623f33d3ecbe86e8\COMCTL32.dll
0x0000000074e60000 - 0x0000000074f32000 	C:\Program Files\Java\jdk1.8.0_65\jre\bin\msvcr100.dll
0x0000000075810000 - 0x0000000076099000 	C:\Program Files\Java\jdk1.8.0_65\jre\bin\server\jvm.dll
0x00007ffe990a0000 - 0x00007ffe990a9000 	C:\WINDOWS\SYSTEM32\WSOCK32.dll
0x00007ffe929c0000 - 0x00007ffe929e2000 	C:\WINDOWS\SYSTEM32\WINMM.dll
0x00007ffe99290000 - 0x00007ffe9929a000 	C:\WINDOWS\SYSTEM32\VERSION.dll
0x00007ffe9cd70000 - 0x00007ffe9cd77000 	C:\WINDOWS\system32\PSAPI.DLL
0x00007ffe9c400000 - 0x00007ffe9c45a000 	C:\WINDOWS\system32\WS2_32.dll
0x00007ffe92990000 - 0x00007ffe929ba000 	C:\WINDOWS\SYSTEM32\WINMMBASE.dll
0x00007ffe9d050000 - 0x00007ffe9d059000 	C:\WINDOWS\system32\NSI.dll
0x00007ffe9a9b0000 - 0x00007ffe9a9ff000 	C:\WINDOWS\SYSTEM32\cfgmgr32.dll
0x00007ffe98c70000 - 0x00007ffe98c98000 	C:\WINDOWS\SYSTEM32\DEVOBJ.dll
0x0000000075720000 - 0x000000007572f000 	C:\Program Files\Java\jdk1.8.0_65\jre\bin\verify.dll
0x00000000756f0000 - 0x0000000075719000 	C:\Program Files\Java\jdk1.8.0_65\jre\bin\java.dll
0x00000000756d0000 - 0x00000000756e6000 	C:\Program Files\Java\jdk1.8.0_65\jre\bin\zip.dll
0x00000000756b0000 - 0x00000000756ca000 	C:\Program Files\Java\jdk1.8.0_65\jre\bin\net.dll
0x00007ffe99dc0000 - 0x00007ffe99e19000 	C:\WINDOWS\system32\mswsock.dll
0x0000000075690000 - 0x00000000756a1000 	C:\Program Files\Java\jdk1.8.0_65\jre\bin\nio.dll
0x00007ffe92c60000 - 0x00007ffe92c72000 	C:\Users\£ukasz\.gradle\native\19\windows-amd64\native-platform.dll
0x00007ffe94a80000 - 0x00007ffe94aaa000 	C:\WINDOWS\SYSTEM32\IPHLPAPI.DLL
0x00007ffe94a60000 - 0x00007ffe94a6a000 	C:\WINDOWS\SYSTEM32\WINNSI.DLL
0x00007ffe94550000 - 0x00007ffe94566000 	C:\WINDOWS\SYSTEM32\dhcpcsvc6.DLL
0x00007ffe94730000 - 0x00007ffe9474a000 	C:\WINDOWS\SYSTEM32\dhcpcsvc.DLL
0x00007ffe99e80000 - 0x00007ffe99ea0000 	C:\WINDOWS\SYSTEM32\CRYPTSP.dll
0x00007ffe99920000 - 0x00007ffe99956000 	C:\WINDOWS\system32\rsaenh.dll
0x00007ffe9a050000 - 0x00007ffe9a076000 	C:\WINDOWS\SYSTEM32\bcrypt.dll
0x00007ffe9a6e0000 - 0x00007ffe9a743000 	C:\WINDOWS\system32\bcryptprimitives.dll
0x00007ffe9a750000 - 0x00007ffe9a75b000 	C:\WINDOWS\SYSTEM32\CRYPTBASE.dll
0x0000000075490000 - 0x000000007549d000 	C:\Program Files\Java\jdk1.8.0_65\jre\bin\management.dll
0x00007ffe8f700000 - 0x00007ffe8f889000 	C:\WINDOWS\SYSTEM32\dbghelp.dll

VM Arguments:
jvm_args: -XX:MaxPermSize=256m -XX:+HeapDumpOnOutOfMemoryError -Xmx1024m -Dfile.encoding=windows-1250 -Duser.country=PL -Duser.language=pl -Duser.variant 
java_command: org.gradle.launcher.daemon.bootstrap.GradleDaemon 2.10
java_class_path (initial): C:\Program Files\Android\Android Studio1\gradle\gradle-2.10\lib\gradle-launcher-2.10.jar
Launcher Type: SUN_STANDARD

Environment Variables:
JAVA_HOME=C:\Program Files\Java\jdk1.8.0_65
CLASSPATH=C:\Users\£ukasz\Desktop
PATH=C:\Xilinx\10.1\ISE\bin\nt64;C:\Xilinx\10.1\ISE\lib\nt64;C:\Xilinx\10.1\ISE\smartmodel\nt\installed_nt\lib\pcnt.lib;C:\ProgramData\Oracle\Java\javapath;C:\Program Files\Java\jdk1.8.0_65\bin;C:\Program Files (x86)\Lenovo\FusionEngine;C:\Program Files (x86)\Intel\iCLS Client\;C:\Program Files\Intel\iCLS Client\;C:\WINDOWS\system32;C:\WINDOWS;C:\WINDOWS\System32\Wbem;C:\WINDOWS\System32\WindowsPowerShell\v1.0\;C:\Program Files\Intel\Intel(R) Management Engine Components\DAL;C:\Program Files (x86)\Intel\Intel(R) Management Engine Components\DAL;C:\Program Files\Intel\Intel(R) Management Engine Components\IPT;C:\Program Files (x86)\Intel\Intel(R) Management Engine Components\IPT;C:\Program Files\Intel\WiFi\bin\;C:\Program Files\Common Files\Intel\WirelessCommon\;C:\Program Files (x86)\Lenovo\Motion Control\;C:\Program Files (x86)\Common Files\lenovo\easyplussdk\bin;C:\Program Files (x86)\GtkSharp\2.12\bin;C:\Program Files\OpenVPN\bin;C:\Program Files\nodejs\;C:\cygwin64\bin\;?C:\Users\£ukasz\Documents\feed.xml;C:\Program Files\Microsoft SQL Server\110\Tools\Binn\;C:\Python34\Scripts;C:\Xilinx\10.1\ChipScope\bin\nt64;C:\Program Files (x86)\Windows Kits\8.1\Windows Performance Toolkit\;C:\Program Files\Microsoft SQL Server\120\Tools\Binn\;C:\Program Files\Microsoft SQL Server\130\Tools\Binn\;C:\Program Files\Git\cmd;C:\Program Files\Microsoft\Web Platform Installer\;C:\Program Files\dotnet\;C:\Python34\Scripts\;C:\Python34\;C:\Users\£ukasz\AppData\Local\Programs\Python\Python34\Scripts\;C:\Users\£ukasz\AppData\Local\Programs\Python\Python34\;C:\Users\£ukasz\AppData\Roaming\npm
USERNAME=£ukasz
OS=Windows_NT
PROCESSOR_IDENTIFIER=Intel64 Family 6 Model 61 Stepping 4, GenuineIntel



---------------  S Y S T E M  ---------------

OS: Windows 8.1 , 64 bit Build 9600 (6.3.9600.17415)

CPU:total 4 (2 cores per cpu, 2 threads per core) family 6 model 61 stepping 4, cmov, cx8, fxsr, mmx, sse, sse2, sse3, ssse3, sse4.1, sse4.2, popcnt, avx, avx2, aes, clmul, erms, 3dnowpref, lzcnt, ht, tsc, tscinvbit, bmi1, bmi2, adx

Memory: 4k page, physical 8266792k(1782856k free), swap 16655400k(8492884k free)

vm_info: Java HotSpot(TM) 64-Bit Server VM (25.65-b01) for windows-amd64 JRE (1.8.0_65-b17), built on Oct  6 2015 16:39:20 by "java_re" with MS VC++ 10.0 (VS2010)

time: Sun Oct 23 18:33:52 2016
elapsed time: 8255 seconds (0d 2h 17m 35s)

